<?xml version="1.0" encoding="UTF-8"?>
<!-- Generated by org.testng.reporters.JUnitXMLReporter -->
<testsuite hostname="DESKTOP-SC7D018" ignored="1" name="Testes Parametrizados" tests="3" failures="0" timestamp="2020-09-02T11:29:43 BRT" time="0.117" errors="0">
  <testcase name="nomes" time="0.018" classname="framework.TesteNGParametrizado.TesteParametrizado"/>
  <testcase name="teste3ClasseRetorno" time="0.003" classname="framework.TestNGRetorno.TestesRetorno"/>
  <testcase name="teste4ClasseRetorno" time="0.002" classname="framework.TestNGRetorno.TestesRetorno"/>
  <testcase name="cores" time="0.0" classname="framework.TesteNGParametrizado.TesteParametrizado">
    <ignored/>
  </testcase> <!-- cores -->
</testsuite> <!-- Testes Parametrizados -->
