<?xml version="1.0" encoding="UTF-8"?>
<!-- Generated by org.testng.reporters.JUnitXMLReporter -->
<testsuite hostname="DESKTOP-SC7D018" ignored="1" name="Default test" tests="2" failures="0" timestamp="2020-09-02T10:48:39 BRT" time="0.184" errors="0">
  <testcase name="nomes" time="0.022" classname="framework.TesteNGParametrizado.TesteParametrizado"/>
  <testcase name="nomes" time="0.005" classname="framework.TesteNGParametrizado.TesteParametrizado"/>
  <testcase name="cores" time="0.0" classname="framework.TesteNGParametrizado.TesteParametrizado">
    <ignored/>
  </testcase> <!-- cores -->
</testsuite> <!-- Default test -->
