<?xml version="1.0" encoding="UTF-8"?>
<!-- Generated by org.testng.reporters.JUnitXMLReporter -->
<testsuite hostname="DESKTOP-SC7D018" ignored="0" name="Testes de retorno" tests="4" failures="0" timestamp="2020-08-27T16:45:23 BRT" time="0.103" errors="0">
  <testcase name="saudacao" time="0.012" classname="framework.TestNGRetorno.TestesRetorno"/>
  <testcase name="teste3ClasseRetorno" time="0.002" classname="framework.TestNGRetorno.TestesRetorno"/>
  <testcase name="teste4ClasseRetorno" time="0.007" classname="framework.TestNGRetorno.TestesRetorno"/>
  <testcase name="verdadeiroFalso" time="0.005" classname="framework.TestNGRetorno.TestesRetorno"/>
</testsuite> <!-- Testes de retorno -->
