<?xml version="1.0" encoding="UTF-8"?>
<!-- Generated by org.testng.reporters.JUnitXMLReporter -->
<testsuite hostname="DESKTOP-SC7D018" ignored="3" name="Testes grupo de grupos" tests="13" failures="0" timestamp="2020-08-27T17:06:38 BRT" time="0.165" errors="0">
  <testcase name="test3" time="0.007" classname="framework.TestNGCurso.Teste"/>
  <testcase name="test4" time="0.002" classname="framework.TestNGCurso.Teste"/>
  <testcase name="test5" time="0.004" classname="framework.TestNGCurso.Teste"/>
  <testcase name="test6" time="0.005" classname="framework.TestNGCurso.Teste"/>
  <testcase name="test3Class2" time="0.002" classname="framework.TestNGCurso.TesteClasse2"/>
  <testcase name="test4Class2" time="0.003" classname="framework.TestNGCurso.TesteClasse2"/>
  <testcase name="testClass2" time="0.003" classname="framework.TestNGCurso.TesteClasse2"/>
  <testcase name="teste3ClasseRetorno" time="0.003" classname="framework.TestNGRetorno.TestesRetorno"/>
  <testcase name="teste4ClasseRetorno" time="0.003" classname="framework.TestNGRetorno.TestesRetorno"/>
  <testcase name="testNovo1" time="0.003" classname="framework.TestNovos.Pacote2Teste1"/>
  <testcase name="testNovo2" time="0.002" classname="framework.TestNovos.Pacote2Teste1"/>
  <testcase name="testNovo3" time="0.001" classname="framework.TestNovos.Pacote2Teste1"/>
  <testcase name="testNovo4" time="0.002" classname="framework.TestNovos.Pacote2Teste1"/>
  <testcase name="test2Class2" time="0.0" classname="framework.TestNGCurso.TesteClasse2">
    <ignored/>
  </testcase> <!-- test2Class2 -->
  <testcase name="test1" time="0.0" classname="framework.TestNGCurso.Teste">
    <ignored/>
  </testcase> <!-- test1 -->
  <testcase name="test2" time="0.0" classname="framework.TestNGCurso.Teste">
    <ignored/>
  </testcase> <!-- test2 -->
</testsuite> <!-- Testes grupo de grupos -->
