<?xml version="1.0" encoding="UTF-8"?>
<!-- Generated by org.testng.reporters.JUnitXMLReporter -->
<testsuite hostname="DESKTOP-SC7D018" ignored="2" name="Testes do pacote 1 e pacote 2" tests="8" failures="0" timestamp="2020-08-25T16:28:27 BRT" time="0.172" errors="0">
  <testcase name="test3" time="0.0" classname="framework.TestNGCurso.Teste"/>
  <testcase name="test4" time="0.015" classname="framework.TestNGCurso.Teste"/>
  <testcase name="test5" time="0.0" classname="framework.TestNGCurso.Teste"/>
  <testcase name="test6" time="0.0" classname="framework.TestNGCurso.Teste"/>
  <testcase name="testNovo1" time="0.015" classname="framework.TestNovos.Pacote2Teste1"/>
  <testcase name="testNovo2" time="0.0" classname="framework.TestNovos.Pacote2Teste1"/>
  <testcase name="testNovo3" time="0.0" classname="framework.TestNovos.Pacote2Teste1"/>
  <testcase name="testNovo4" time="0.062" classname="framework.TestNovos.Pacote2Teste1"/>
  <testcase name="test1" time="0.0" classname="framework.TestNGCurso.Teste">
    <ignored/>
  </testcase> <!-- test1 -->
  <testcase name="test2" time="0.0" classname="framework.TestNGCurso.Teste">
    <ignored/>
  </testcase> <!-- test2 -->
</testsuite> <!-- Testes do pacote 1 e pacote 2 -->
