<?xml version="1.0" encoding="UTF-8"?>
<!-- Generated by org.testng.reporters.JUnitXMLReporter -->
<testsuite hostname="DESKTOP-SC7D018" ignored="8" name="Testes do pacote 1" tests="2" failures="0" timestamp="2020-08-27T15:59:02 BRT" time="0.91" errors="0">
  <testcase name="test5" time="0.04" classname="framework.TestNGCurso.Teste"/>
  <testcase name="test3Class2" time="0.002" classname="framework.TestNGCurso.TesteClasse2"/>
  <testcase name="test2Class2" time="0.0" classname="framework.TestNGCurso.TesteClasse2">
    <ignored/>
  </testcase> <!-- test2Class2 -->
  <testcase name="test4Class2" time="0.0" classname="framework.TestNGCurso.TesteClasse2">
    <ignored/>
  </testcase> <!-- test4Class2 -->
  <testcase name="test3" time="0.0" classname="framework.TestNGCurso.Teste">
    <ignored/>
  </testcase> <!-- test3 -->
  <testcase name="test1" time="0.0" classname="framework.TestNGCurso.Teste">
    <ignored/>
  </testcase> <!-- test1 -->
  <testcase name="test4" time="0.0" classname="framework.TestNGCurso.Teste">
    <ignored/>
  </testcase> <!-- test4 -->
  <testcase name="testClass2" time="0.0" classname="framework.TestNGCurso.TesteClasse2">
    <ignored/>
  </testcase> <!-- testClass2 -->
  <testcase name="test2" time="0.0" classname="framework.TestNGCurso.Teste">
    <ignored/>
  </testcase> <!-- test2 -->
  <testcase name="test6" time="0.0" classname="framework.TestNGCurso.Teste">
    <ignored/>
  </testcase> <!-- test6 -->
</testsuite> <!-- Testes do pacote 1 -->
