<?xml version="1.0" encoding="UTF-8"?>
<testng-results skipped="0" failed="0" ignored="1" total="4" passed="3">
  <reporter-output>
  </reporter-output>
  <suite name="Suite Parametrizada" duration-ms="117" started-at="2020-09-02T11:29:41 BRT" finished-at="2020-09-02T11:29:41 BRT">
    <groups>
    </groups>
    <test name="Testes Parametrizados" duration-ms="117" started-at="2020-09-02T11:29:41 BRT" finished-at="2020-09-02T11:29:41 BRT">
      <class name="framework.TestNGRetorno.TestesRetorno">
        <test-method status="PASS" signature="teste3ClasseRetorno()[pri:0, instance:framework.TestNGRetorno.TestesRetorno@7f13d6e]" name="teste3ClasseRetorno" duration-ms="3" started-at="2020-09-02T11:29:41 BRT" finished-at="2020-09-02T11:29:41 BRT">
          <reporter-output>
          </reporter-output>
        </test-method> <!-- teste3ClasseRetorno -->
        <test-method status="PASS" signature="teste4ClasseRetorno()[pri:0, instance:framework.TestNGRetorno.TestesRetorno@7f13d6e]" name="teste4ClasseRetorno" duration-ms="2" started-at="2020-09-02T11:29:41 BRT" finished-at="2020-09-02T11:29:41 BRT">
          <reporter-output>
          </reporter-output>
        </test-method> <!-- teste4ClasseRetorno -->
      </class> <!-- framework.TestNGRetorno.TestesRetorno -->
      <class name="framework.TesteNGParametrizado.TesteParametrizado">
        <test-method status="PASS" signature="nomes(java.lang.String, int)[pri:0, instance:framework.TesteNGParametrizado.TesteParametrizado@71bbf57e]" name="nomes" duration-ms="18" started-at="2020-09-02T11:29:41 BRT" finished-at="2020-09-02T11:29:41 BRT">
          <params>
            <param index="0">
              <value>
                <![CDATA[Abner]]>
              </value>
            </param>
            <param index="1">
              <value>
                <![CDATA[30]]>
              </value>
            </param>
          </params>
          <reporter-output>
          </reporter-output>
        </test-method> <!-- nomes -->
      </class> <!-- framework.TesteNGParametrizado.TesteParametrizado -->
    </test> <!-- Testes Parametrizados -->
  </suite> <!-- Suite Parametrizada -->
</testng-results>
